Scan begin 10/14/2020 23:12:24
Scanning for TIM at file Harry_Potter_and_the_Sorcerers_Stone_[USA]_[En-Fr-Es].bin
Scanning for BFF at file Harry_Potter_and_the_Sorcerers_Stone_[USA]_[En-Fr-Es].bin
Scanning for TMD at file Harry_Potter_and_the_Sorcerers_Stone_[USA]_[En-Fr-Es].bin
Scanning for TOD at file Harry_Potter_and_the_Sorcerers_Stone_[USA]_[En-Fr-Es].bin
Scanning for AN at file Harry_Potter_and_the_Sorcerers_Stone_[USA]_[En-Fr-Es].bin
Vertex index error : Harry_Potter_and_the_Sorcerers_Stone_[USA]_[En-Fr-Es].bin
Scanning for Croc at file Harry_Potter_and_the_Sorcerers_Stone_[USA]_[En-Fr-Es].bin
Scanning for PSX at file Harry_Potter_and_the_Sorcerers_Stone_[USA]_[En-Fr-Es].bin
Scanning for VDF at file Harry_Potter_and_the_Sorcerers_Stone_[USA]_[En-Fr-Es].bin
Scanning for PMD at file Harry_Potter_and_the_Sorcerers_Stone_[USA]_[En-Fr-Es].bin
Scanning for HMD at file Harry_Potter_and_the_Sorcerers_Stone_[USA]_[En-Fr-Es].bin
Found Croc Model at offset 1CDD0
Found VDF Animation at offset 86A98
Found AN Animation at offset 2B89662
Found PSX Model at offset 2AAD2E0
Found TOD Animation at offset 6B27376
Found TIM Image at offset 73B5750
Found Croc Model at offset 1CE98
Found VDF Animation at offset 86BB8
Found VDF Animation at offset 86C9C
Found Croc Model at offset 86CDC
Found Croc Model at offset 8D804
Found Croc Model at offset 8D8CC
Found TOD Animation at offset 7D44BAC
Found Croc Model at offset 1539766
Found VDF Animation at offset 1C2EBE4
Found TIM Image at offset 9789EB6
Found Croc Model at offset 1C2EDD4
Found VDF Animation at offset 24C7E54
Found VDF Animation at offset 24CC400
Found VDF Animation at offset 2A9C208
Found VDF Animation at offset 2AFF6A1
Found VDF Animation at offset 2B01A88
Found VDF Animation at offset 2B05E8C
Found VDF Animation at offset 2B0C050
Found VDF Animation at offset 2B0C0CC
Found VDF Animation at offset 2B0C174
Found VDF Animation at offset 2B0C210
Found VDF Animation at offset 2B0C2B0
Found VDF Animation at offset 2B0C30C
Found VDF Animation at offset 2B0C35C
Found VDF Animation at offset 2B0C3B4
Found VDF Animation at offset 2B0C42C
Found VDF Animation at offset 2B0C494
Found VDF Animation at offset 2B0C4F4
Found TOD Animation at offset 975E0D8
Found Croc Model at offset 24C5EB5
Found Croc Model at offset 24C7DEC
Found Croc Model at offset 24C8250
Found Croc Model at offset 24C82CC
Found Croc Model at offset 24C8350
Found Croc Model at offset 24C9DF0
Found Croc Model at offset 24CDDE8
AN - Reached file end: Harry_Potter_and_the_Sorcerers_Stone_[USA]_[En-Fr-Es].bin
Found PSX Model at offset 41E2316
Found Croc Model at offset 29E2764
Found Croc Model at offset 2A5FC28
Found Croc Model at offset 2A859D0
Found Croc Model at offset 2A86478
Found Croc Model at offset 2A87E64
Found Croc Model at offset 2A93D68
Found Croc Model at offset 2A95594
Found Croc Model at offset 2A9C25C
Found Croc Model at offset 2AD06C0
Found Croc Model at offset 2AD0DA0
Found Croc Model at offset 2AD1735
Found Croc Model at offset 2AD28A5
Found Croc Model at offset 2AFF66E
Found Croc Model at offset 2B01A69
Found Croc Model at offset 2B08825
Found Croc Model at offset 2B094A9
Found Croc Model at offset 2B0C00C
Found Croc Model at offset 2B0C0B0
Found Croc Model at offset 2B0C154
Found Croc Model at offset 2B0C1F0
Found Croc Model at offset 2B0C294
Found Croc Model at offset 2B0C364
Found Croc Model at offset 2B0C444
Found Croc Model at offset 2B19CAA
Found Croc Model at offset 2B19EA5
Found Croc Model at offset 2DEEE3F
Found VDF Animation at offset 39A9A30
Found VDF Animation at offset 39AA2DC
Found VDF Animation at offset 39AA9F8
Found VDF Animation at offset 39AFE38
Found VDF Animation at offset 39B3A2C
Found Croc Model at offset 313CCDA
Found VDF Animation at offset 4202282
Found VDF Animation at offset 42042A2
Found Croc Model at offset 35DD8DD
Found Croc Model at offset 35F6D1D
Found Croc Model at offset 35FC7FE
Found TOD Animation at offset B773714
Found Croc Model at offset 38B2CC8
Found Croc Model at offset 38B2E30
Found Croc Model at offset 390D830
Found Croc Model at offset 3947756
Found Croc Model at offset 3966FA4
Found VDF Animation at offset 4A10C9E
Found VDF Animation at offset 4A1631A
Found VDF Animation at offset 4A16752
Found Croc Model at offset 3974DD4
Found Croc Model at offset 3977BD8
Found VDF Animation at offset 4A1CA8A
Found VDF Animation at offset 4A1CADA
Found VDF Animation at offset 4A1CC6A
Found Croc Model at offset 397A1E8
Found Croc Model at offset 39A9A11
Found Croc Model at offset 39B3A40
Found Croc Model at offset 39B462C
Found Croc Model at offset 39B4728
Found Croc Model at offset 39B4874
Found Croc Model at offset 3A37AEA
Found TOD Animation at offset BD7986C
Found Croc Model at offset 4165BE2
Found Croc Model at offset 41ACEDF
Found Croc Model at offset 41B2553
Found Croc Model at offset 41B7ADF
Found Croc Model at offset 41D9222
Found Croc Model at offset 41E4F5A
Found Croc Model at offset 41EF7EE
Found Croc Model at offset 41F134E
Found Croc Model at offset 41F4CCE
Found Croc Model at offset 41F6C7E
Found Croc Model at offset 41F809E
Found Croc Model at offset 41F9D36
Found Croc Model at offset 420241A
Found Croc Model at offset 420250A
Found Croc Model at offset 42026AA
Found Croc Model at offset 42027AA
Found Croc Model at offset 42028AA
Found VDF Animation at offset 580EC18
Found VDF Animation at offset 580ED64
Found VDF Animation at offset 580EF28
Found VDF Animation at offset 58127CC
Found VDF Animation at offset 5812874
Found VDF Animation at offset 58128CC
Found VDF Animation at offset 5812948
Found VDF Animation at offset 58129A4
Found VDF Animation at offset 5812B5C
Found VDF Animation at offset 5812BBC
Found VDF Animation at offset 5812C0C
Found VDF Animation at offset 5812CA0
Found Croc Model at offset 44374EA
Found VDF Animation at offset 5C33D84
Found Croc Model at offset 48FCBBA
Found Croc Model at offset 48FD1FA
Found Croc Model at offset 495B94F
Found Croc Model at offset 49691C6
Found Croc Model at offset 496E486
Found Croc Model at offset 496F72A
Found Croc Model at offset 49709C2
Found Croc Model at offset 49BA39E
Found Croc Model at offset 49CDE32
Found VDF Animation at offset 6038BC0
Found VDF Animation at offset 603BFD0
Found Croc Model at offset 49E2EEA
Found Croc Model at offset 49E4F52
Found Croc Model at offset 49E5A87
Found Croc Model at offset 49E5EB2
Found Croc Model at offset 49F0A46
Found Croc Model at offset 4A1300F
Found Croc Model at offset 4A1712C
Found Croc Model at offset 4A1CC52
Found Croc Model at offset 4A28B0C
Found Croc Model at offset 506BA1A
Found Croc Model at offset 57ACAFC
Found Croc Model at offset 57BA590
Found Croc Model at offset 57DA004
Found Croc Model at offset 57DA4E4
Found Croc Model at offset 57DBB24
Found Croc Model at offset 57DBE64
Found Croc Model at offset 57DE3A4
Found Croc Model at offset 57DFDF4
Found Croc Model at offset 57E23A4
Found Croc Model at offset 57E3468
Found Croc Model at offset 57E8A48
Found Croc Model at offset 57EB254
Found Croc Model at offset 57EC8B0
Found Croc Model at offset 57F0694
Found Croc Model at offset 580EBF9
Found Croc Model at offset 5812828
Found Croc Model at offset 58128F8
Found Croc Model at offset 5812B6C
Found Croc Model at offset 581C57C
Found VDF Animation at offset 73F610C
Found VDF Animation at offset 73F6BB8
Found VDF Animation at offset 73FAE94
Found VDF Animation at offset 73FB0C4
Found VDF Animation at offset 73FD71C
Found VDF Animation at offset 73FF758
Found VDF Animation at offset 73FF7A8
Found VDF Animation at offset 73FF8CC
Found Croc Model at offset 5AFAB32
Found Croc Model at offset 5B482C4
Found Croc Model at offset 5BB7E54
Found TOD Animation at offset EC10220
Found Croc Model at offset 5C17FCC
Found Croc Model at offset 5C2E6ED
Found Croc Model at offset 5C3274C
Found Croc Model at offset 5C37B89
Found Croc Model at offset 5C380BC
Found VDF Animation at offset 7D4322C
Found VDF Animation at offset 7D45BE0
Found Croc Model at offset 6037516
Found Croc Model at offset 6038FBC
Found Croc Model at offset 6039038
Found Croc Model at offset 60390BC
Found Croc Model at offset 603AB5C
Found TOD Animation at offset F2B69C6
Found Croc Model at offset 61E1D60
Found PSX Model at offset 602D63C
Found TIM Image at offset 1073A204
Found Croc Model at offset 651DF2A
Found Croc Model at offset 664A6DD
Found TOD Animation at offset FAFD3C0
Found TOD Animation at offset FAFDAF0
Found TOD Animation at offset FAFDB30
Found TOD Animation at offset FAFDB70
Found TOD Animation at offset FAFEA50
Found TIM Image at offset 110C6CEA
Found VDF Animation at offset 8B018FB
Found VDF Animation at offset 8B04F1E
Found VDF Animation at offset 8B0A91A
Found VDF Animation at offset 8B0ABE2
Found Croc Model at offset 6CBFE28
Found Croc Model at offset 70EBA6D
Found Croc Model at offset 70ED0FA
Found Croc Model at offset 713C63B
Found TOD Animation at offset 107520F0
Found TOD Animation at offset 107522B0
Found TOD Animation at offset 107522F0
Found TOD Animation at offset 10752430
Found TOD Animation at offset 10752720
Found TOD Animation at offset 10752760
Found Croc Model at offset 72E30A0
Found Croc Model at offset 7354FF4
Found Croc Model at offset 737A0E0
Found Croc Model at offset 7391934
Found Croc Model at offset 7395CE4
Found Croc Model at offset 7397D80
Found Croc Model at offset 73A95F0
Found Croc Model at offset 73AB14C
Found Croc Model at offset 73ABEA4
Found Croc Model at offset 73AE314
Found Croc Model at offset 73AE85C
Found Croc Model at offset 73BDE3E
Found Croc Model at offset 73C43E0
Found Croc Model at offset 73DB30C
Found Croc Model at offset 73DD13A
Found Croc Model at offset 73E4488
Found Croc Model at offset 73F0F40
Found Croc Model at offset 73F60ED
Found Croc Model at offset 73FDC42
Found Croc Model at offset 73FEDA4
Found Croc Model at offset 741FBE8
Found VDF Animation at offset 97468F0
Found VDF Animation at offset 97A7520
Found VDF Animation at offset 97AC8F8
Found VDF Animation at offset 97ACB00
Found VDF Animation at offset 97B3520
Found Croc Model at offset 76B4484
Found TOD Animation at offset 110CEF42
Found Croc Model at offset 7CED2DC
Found Croc Model at offset 7CF27A0
Found Croc Model at offset 7D115A9
Found Croc Model at offset 7D36390
Found Croc Model at offset 7D3E69C
Found Croc Model at offset 7D42471
Found Croc Model at offset 7D43154
Found Croc Model at offset 7D434F4
Found Croc Model at offset 7D43630
Found Croc Model at offset 7E8DAAD
Found Croc Model at offset 803575D
Found Croc Model at offset 817DE9D
Found Croc Model at offset 83D96AD
Found VDF Animation at offset A7F00C2
Found VDF Animation at offset A7F0192
Found VDF Animation at offset A833EFA
Found VDF Animation at offset A836C22
Found Croc Model at offset 85866CD
Found Croc Model at offset 89C492E
Found Croc Model at offset 89C4A6E
Found Croc Model at offset 89C4C9E
Found VDF Animation at offset AF44F2C
Found VDF Animation at offset AF450A0
Found VDF Animation at offset AF451A8
Found VDF Animation at offset AF4525C
Found VDF Animation at offset AF4530C
Found VDF Animation at offset AF45CD0
Found VDF Animation at offset AF47178
Found VDF Animation at offset AF472F4
Found Croc Model at offset 8A517EA
Found PSX Model at offset 8ACDA96
Found Croc Model at offset 8A8AE06
Found Croc Model at offset 8A8B8AE
Found Croc Model at offset 8A8D29A
Found Croc Model at offset 8ABEA5A
Found Croc Model at offset 8AD3CC2
Found Croc Model at offset 8AD4BFA
Found Croc Model at offset 8AD6E6A
Found Croc Model at offset 8AD7FD2
Found Croc Model at offset 8B017CF
Found Croc Model at offset 8B01BF0
Found Croc Model at offset 8B04EFF
Found TIM Image at offset 13F0600C
Found VDF Animation at offset B75B3A4
Found VDF Animation at offset B75BC18
Found VDF Animation at offset B75D09C
Found VDF Animation at offset B75EF78
Found VDF Animation at offset B76EA78
Found VDF Animation at offset B76F148
Found VDF Animation at offset B76F27C
Found VDF Animation at offset B76F3E8
Found VDF Animation at offset B775D68
Found VDF Animation at offset B775F44
Found VDF Animation at offset B775FEC
Found Croc Model at offset 923EB4B
Found Croc Model at offset 929267B
Found VDF Animation at offset BCFF230
Found VDF Animation at offset BCFF300
Found VDF Animation at offset BD73570
Found VDF Animation at offset BD77C6C
Found VDF Animation at offset BD77DE4
Found VDF Animation at offset BD7B86C
Found VDF Animation at offset BD7C104
Found VDF Animation at offset BD7C164
Found VDF Animation at offset BD7C1B4
Found Croc Model at offset 967AA50
Found Croc Model at offset 967ACBC
Found Croc Model at offset 967AE28
Found Croc Model at offset 96DBD95
Found Croc Model at offset 96FAFB4
Found Croc Model at offset 973E6F0
Found Croc Model at offset 973F988
Found Croc Model at offset 97411B4
Found Croc Model at offset 9746944
Found Croc Model at offset 9781E3C
Found Croc Model at offset 9785190
Found Croc Model at offset 979CF80
Found Croc Model at offset 97A3189
Found Croc Model at offset 97A3AA6
Found Croc Model at offset 97A42B6
Found Croc Model at offset 97A47EE
Found Croc Model at offset 97A7501
Found Croc Model at offset 97ACBDC
Found Croc Model at offset 97ACE98
Found Croc Model at offset 97AFC46
Found Croc Model at offset 97B31E2
Found Croc Model at offset 97BFE02
Found Croc Model at offset 982F0FC
Found VDF Animation at offset C276A08
Found VDF Animation at offset C276B6C
Found VDF Animation at offset C276BDC
Found VDF Animation at offset C276C48
Found VDF Animation at offset C2770E8
Found VDF Animation at offset C277158
Found VDF Animation at offset C2771C8
Found VDF Animation at offset C277238
Found VDF Animation at offset C2772A8
Found VDF Animation at offset C277318
Found VDF Animation at offset C278EA4
Found Croc Model at offset 9AA659D
Found Croc Model at offset 9FA1B68
Found VDF Animation at offset CF25934
Found VDF Animation at offset CF25C28
Found VDF Animation at offset CF25C9C
Found VDF Animation at offset CF2600C
Found VDF Animation at offset CF2607C
Found VDF Animation at offset CF260EC
Found VDF Animation at offset CF2615C
Found VDF Animation at offset CF261CC
Found VDF Animation at offset CF2623C
Found TOD Animation at offset 14990812
Found TOD Animation at offset 149911C2
Found TOD Animation at offset 14991832
Found Croc Model at offset A5B3FB0
Found Croc Model at offset A74AAD6
Found Croc Model at offset A74ACCA
Found Croc Model at offset A74AFF6
Found Croc Model at offset A7F01F2
Found Croc Model at offset A7F19EE
Found Croc Model at offset A805212
Found Croc Model at offset A8193F6
Found Croc Model at offset A820674
Found Croc Model at offset A8260F2
Found Croc Model at offset A831CCF
Found Croc Model at offset A831E4C
Found Croc Model at offset A83FFD4
Found Croc Model at offset A8402BF
Found Croc Model at offset A853EB8
Found TIM Image at offset 16437D44
Found TIM Image at offset 164D5C16
Found Croc Model at offset AC6BB3B
Found Croc Model at offset AC6C63F
Found VDF Animation at offset DBD4A02
Found VDF Animation at offset DBD4B66
Found VDF Animation at offset DBD4BD6
Found VDF Animation at offset DBD4C42
Found VDF Animation at offset DBD50E2
Found VDF Animation at offset DBD5152
Found VDF Animation at offset DBD51C2
Found VDF Animation at offset DBD5232
Found VDF Animation at offset DBD52A2
Found VDF Animation at offset DBD5312
Found VDF Animation at offset DBD6E9E
Found VDF Animation at offset DBDC5A2
Found Croc Model at offset AF445CD
Found Croc Model at offset AF47300
Found TOD Animation at offset 1567F112
Found Croc Model at offset B04E2FC
Found Croc Model at offset B2B9C4C
Found Croc Model at offset B665324
Found Croc Model at offset B665464
Found Croc Model at offset B6CFA2D
Found Croc Model at offset B6D4F71
Found Croc Model at offset B6DA62D
Found Croc Model at offset B6E7E6C
Found Croc Model at offset B704106
Found Croc Model at offset B76C40E
Found Croc Model at offset B76C49E
Found Croc Model at offset B76C546
Found Croc Model at offset B76C5D6
Found Croc Model at offset B76C6F6
Found Croc Model at offset B76C876
Found Croc Model at offset B76C9DE
Found Croc Model at offset B76CCBE
Found Croc Model at offset B76CE26
Found Croc Model at offset B76CEE6
Found Croc Model at offset B76CF76
Found Croc Model at offset B76D04E
Found Croc Model at offset B76D0DE
Found Croc Model at offset B76D1CE
Found Croc Model at offset B76D25E
Found Croc Model at offset B76D336
Found Croc Model at offset B76D59E
Found Croc Model at offset B76D6BE
Found Croc Model at offset B76D74E
Found Croc Model at offset B76D8CE
Found Croc Model at offset B76D95E
Found Croc Model at offset B76DADE
Found Croc Model at offset B76DB6E
Found Croc Model at offset B7712B2
Found Croc Model at offset B771342
Found Croc Model at offset B7717AE
Found Croc Model at offset B771BC2
Found Croc Model at offset B771C52
Found Croc Model at offset B77236A
Found Croc Model at offset B7725AA
Found Croc Model at offset B772BEA
Found Croc Model at offset B772C7A
Found Croc Model at offset B772D2E
Found Croc Model at offset B773152
Found Croc Model at offset B775D18
Found Croc Model at offset B775EF4
Found Croc Model at offset B775F9C
Found Croc Model at offset B79868E
Found Croc Model at offset B7987A6
Found Croc Model at offset B79886E
Found VDF Animation at offset E7F2D5E
Found VDF Animation at offset E7F424A
Found VDF Animation at offset E7F5BCA
Found VDF Animation at offset E7F5C3A
Found VDF Animation at offset E7F5CB2
Found TOD Animation at offset 16503552
Found VDF Animation at offset EB722D0
Found VDF Animation at offset EC043FC
Found VDF Animation at offset EC095A0
Found VDF Animation at offset EC0EE98
Found VDF Animation at offset EC0F770
Found VDF Animation at offset EC0F7CC
Found VDF Animation at offset EC0F81C
Found VDF Animation at offset EC0F884
Found VDF Animation at offset EC0F8D8
Found VDF Animation at offset EC0F938
Found VDF Animation at offset EC0FA5C
Found VDF Animation at offset EC0FAAC
Found VDF Animation at offset EC0FB10
Found VDF Animation at offset EC0FB60
Found VDF Animation at offset EC0FBB0
Found VDF Animation at offset EC0FC04
Found VDF Animation at offset EC0FC9C
Found VDF Animation at offset EC0FCFC
Found VDF Animation at offset EC0FD60
Found VDF Animation at offset EC0FEF8
Found VDF Animation at offset EC0FF70
Found VDF Animation at offset EC0FFC8
Found VDF Animation at offset EC10018
Found Croc Model at offset BCA037C
Found Croc Model at offset BCA0650
Found Croc Model at offset BCE7228
Found Croc Model at offset BCE7530
Found Croc Model at offset BCFF360
Found Croc Model at offset BD00A2C
Found Croc Model at offset BD3AA14
Found Croc Model at offset BD3E895
Found Croc Model at offset BD73551
Found Croc Model at offset BD7892A
Found Croc Model at offset BD7BC64
Found Croc Model at offset BD7C0D8
Found Croc Model at offset BD7C17C
Found Croc Model at offset BD892BA
Found Croc Model at offset C0D821B
Found Croc Model at offset C1EAF99
Found Croc Model at offset C1F0571
Found Croc Model at offset C1F8F41
Found Croc Model at offset C20995A
Found Croc Model at offset C20AFDE
Found Croc Model at offset C23F9B9
Found Croc Model at offset C24F2B8
Found Croc Model at offset C25ABBB
Found Croc Model at offset C274680
Found Croc Model at offset C276ABB
Found Croc Model at offset C513D6D
Found VDF Animation at offset FAF1A2C
Found VDF Animation at offset FAF9830
Found VDF Animation at offset FAF98F4
Found VDF Animation at offset FAFA01C
Found VDF Animation at offset FB006C4
Found VDF Animation at offset FB0078C
Found VDF Animation at offset FB00820
Found VDF Animation at offset FB00880
Found VDF Animation at offset FB008F8
Found VDF Animation at offset FB00DC0
Found VDF Animation at offset FB00E10
Found VDF Animation at offset FB00E84
Found VDF Animation at offset FB00EDC
Found VDF Animation at offset FB00FCC
Found VDF Animation at offset FB01038
Found VDF Animation at offset FB01090
Found VDF Animation at offset FB011CC
Found Croc Model at offset CE15614
Found Croc Model at offset CE99E29
Found Croc Model at offset CE9F531
Found Croc Model at offset CEA7F01
Found Croc Model at offset CEB9F9E
Found Croc Model at offset CED3229
Found Croc Model at offset CEEEA31
Found Croc Model at offset CEF3490
Found Croc Model at offset CEFE2E0
Found Croc Model at offset CF09BE3
Found Croc Model at offset CF22FC4
Found Croc Model at offset CF25B0F
Found TIM Image at offset 195D48FC
Found Croc Model at offset D1C30BD
Found VDF Animation at offset 106BD500
Found VDF Animation at offset 106BD5D0
Found VDF Animation at offset 107470F0
Found VDF Animation at offset 10747488
Found VDF Animation at offset 1074B87C
Found VDF Animation at offset 1074BB0C
Found VDF Animation at offset 1075361C
Found VDF Animation at offset 1075368C
Found VDF Animation at offset 107536EC
Found VDF Animation at offset 10753764
Found VDF Animation at offset 10753924
Found VDF Animation at offset 10753984
Found VDF Animation at offset 107539CC
Found VDF Animation at offset 10753A40
Found VDF Animation at offset 10753A80
Found VDF Animation at offset 10753AE0
Found VDF Animation at offset 10753B40
Found VDF Animation at offset 10753BA8
Found VDF Animation at offset 10753C14
Found VDF Animation at offset 10753C6C
Found VDF Animation at offset 10753CDC
Found VDF Animation at offset 10753D2C
Found VDF Animation at offset 110CB572
Found VDF Animation at offset 110CBEE6
Found VDF Animation at offset 110CD132
Found VDF Animation at offset 110CFB2E
Found VDF Animation at offset 110CFB9E
Found VDF Animation at offset 110CFBFE
Found Croc Model at offset DB4905F
Found Croc Model at offset DB4E637
Found Croc Model at offset DB5C333
Found Croc Model at offset DB5C67F
Found Croc Model at offset DB5C8EB
Found Croc Model at offset DB5C9DB
Found Croc Model at offset DB5CBCF
Found Croc Model at offset DB5CE7B
Found Croc Model at offset DB5CF07
Found Croc Model at offset DB6795C
Found Croc Model at offset DB69110
Found Croc Model at offset DB8239B
Found Croc Model at offset DB9B107
Found Croc Model at offset DBA2602
Found Croc Model at offset DBAD2BA
Found Croc Model at offset DBD20A2
Found Croc Model at offset DBD4C06
Found Croc Model at offset DE7240D
Found VDF Animation at offset 119C8274
Found VDF Animation at offset 119C9C00
Found PSX Model at offset EBC7078
Found Croc Model at offset E6EED89
Found Croc Model at offset E7294BA
Found Croc Model at offset E7B6AEE
Found Croc Model at offset E7C32B6
Found Croc Model at offset E7C335E
Found Croc Model at offset E7C340E
Found Croc Model at offset E7C34BE
Found Croc Model at offset E7C360E
Found Croc Model at offset E7C369E
Found Croc Model at offset E7C372E
Found Croc Model at offset E7CC66A
Found Croc Model at offset E7D8756
Found Croc Model at offset E7F1CF7
Found Croc Model at offset E7F5BE2
Found VDF Animation at offset 125305FF
Found VDF Animation at offset 12543E02
Found VDF Animation at offset 12543E6E
Found VDF Animation at offset 12543F12
Found VDF Animation at offset 1254404A
Found VDF Animation at offset 1254414E
Found VDF Animation at offset 125443C2
Found VDF Animation at offset 1254494A
Found VDF Animation at offset 12544A22
Found VDF Animation at offset 12544A92
Found VDF Animation at offset 12545646
Found VDF Animation at offset 1254C9F2
Found VDF Animation at offset 1254CA7A
Found VDF Animation at offset 1254CABA
Found VDF Animation at offset 1254CD92
Found VDF Animation at offset 1254CEAA
Found VDF Animation at offset 1254CF2E
Found VDF Animation at offset 1254CF76
Found VDF Animation at offset 1254D246
Found VDF Animation at offset 1254D2A2
Found VDF Animation at offset 1254D6C2
Found VDF Animation at offset 1254D912
Found VDF Animation at offset 1254D976
Found VDF Animation at offset 1254DDF6
Found VDF Animation at offset 1254DE3E
Found VDF Animation at offset 1254DFF2
Found VDF Animation at offset 1254E2CE
Found VDF Animation at offset 1254E32A
Found VDF Animation at offset 1254E466
Found VDF Animation at offset 1254E4A6
Found VDF Animation at offset 12565406
Found Croc Model at offset EAD0200
Found Croc Model at offset EAD0724
Found Croc Model at offset EB411B8
Found Croc Model at offset EB441D8
Found Croc Model at offset EB585D8
Found Croc Model at offset EB677E8
Found Croc Model at offset EB68A80
Found Croc Model at offset EB6A3DC
Found Croc Model at offset EB6C040
Found Croc Model at offset EB6D2C0
Found Croc Model at offset EB72324
Found Croc Model at offset EB86E30
Found Croc Model at offset EB878D8
Found Croc Model at offset EB892C4
Found Croc Model at offset EBAEB6C
Found Croc Model at offset EBBBA44
Found Croc Model at offset EBC9AE0
Found Croc Model at offset EBCB188
Found Croc Model at offset EBCC5C8
Found Croc Model at offset EBD86FE
Found Croc Model at offset EBF391C
Found Croc Model at offset EBFCB6D
Found Croc Model at offset EC00C4C
Found Croc Model at offset EC043DD
Found Croc Model at offset EC0F7B8
Found Croc Model at offset EC0F898
Found Croc Model at offset EC0FA50
Found Croc Model at offset EC0FB08
Found Croc Model at offset EC0FBB8
Found Croc Model at offset EC0FD2C
Found Croc Model at offset EC0FF20
Found Croc Model at offset EC24C0E
Found Croc Model at offset EC24D89
Found Croc Model at offset F1B0CFA
Found PSX Model at offset FAA8FD4
Found VDF Animation at offset 12FC4DAE
Found VDF Animation at offset 12FCB74A
Found VDF Animation at offset 12FCB9E2
Found VDF Animation at offset 12FCBD52
Found VDF Animation at offset 12FD40CA
Found VDF Animation at offset 12FD41F2
Found VDF Animation at offset 12FD43B2
Found VDF Animation at offset 12FD44C6
Found VDF Animation at offset 12FD451E
Found VDF Animation at offset 12FD4582
Found VDF Animation at offset 12FD45E6
Found VDF Animation at offset 12FD4636
Found VDF Animation at offset 12FD4696
Found VDF Animation at offset 12FD4706
Found VDF Animation at offset 12FD4772
Found VDF Animation at offset 12FD4872
Found VDF Animation at offset 12FD48C2
Found VDF Animation at offset 12FD4912
Found VDF Animation at offset 12FD496A
Found VDF Animation at offset 12FD49FA
Found VDF Animation at offset 12FD4A46
Found VDF Animation at offset 12FD4A96
Found VDF Animation at offset 12FD4B06
Found VDF Animation at offset 12FD4B5A
Found VDF Animation at offset 12FD4CE2
Found VDF Animation at offset 12FD4DAE
Found VDF Animation at offset 12FD4E0A
Found VDF Animation at offset 12FD4E56
Found VDF Animation at offset 12FD4EC6
Found VDF Animation at offset 12FD4F32
Found VDF Animation at offset 12FD4FB2
Found VDF Animation at offset 12FD5026
Found TOD Animation at offset 1ADB345E
Found TOD Animation at offset 1ADFD118
Found Croc Model at offset F5515F6
Found Croc Model at offset F9D5328
Found Croc Model at offset F9D545C
Found Croc Model at offset FA4CCCD
Found Croc Model at offset FA59B68
Found TOD Animation at offset 1B4D7B3A
Found Croc Model at offset FA83D28
Found Croc Model at offset FA94AE0
Found Croc Model at offset FA9C18C
Found TOD Animation at offset 1B513912
Found Croc Model at offset FAA39C8
Found Croc Model at offset FAC48B0
Found Croc Model at offset FAC76BC
Found Croc Model at offset FACEFF0
Found Croc Model at offset FAD9101
Found Croc Model at offset FAE2A0D
Found Croc Model at offset FAED620
Found Croc Model at offset FAEE4B2
Found Croc Model at offset FB00684
Found Croc Model at offset FB00758
Found Croc Model at offset FB007FC
Found Croc Model at offset FB00D70
Found Croc Model at offset FB00E34
Found Croc Model at offset FB00F7C
Found Croc Model at offset FB01040
Found Croc Model at offset FB0117C
Found Croc Model at offset FB153A9
Found Croc Model at offset FB154E4
Found PSX Model at offset 106F7790
Found VDF Animation at offset 13EC2D7C
Found VDF Animation at offset 13F22620
Found VDF Animation at offset 13F227B4
Found VDF Animation at offset 13F22B3C
Found VDF Animation at offset 13F22C74
Found VDF Animation at offset 13F22DB8
Found VDF Animation at offset 13F22F14
Found VDF Animation at offset 13F23058
Found VDF Animation at offset 13F231B4
Found VDF Animation at offset 13F25024
Found VDF Animation at offset 13F27E94
Found VDF Animation at offset 13F27EE8
Found VDF Animation at offset 13F27F48
Found VDF Animation at offset 13F27FAC
Found VDF Animation at offset 13F2800C
Found VDF Animation at offset 13F28070
Found VDF Animation at offset 13F280D0
Found VDF Animation at offset 13F28110
Found VDF Animation at offset 13F28168
Found VDF Animation at offset 13F29627
Found VDF Animation at offset 13F2C2D3
Found TOD Animation at offset 1BEAD610
Found TOD Animation at offset 1BEAD650
Found TOD Animation at offset 1BEAD690
Found Croc Model at offset 10632EE4
Found Croc Model at offset 1068CE48
Found Croc Model at offset 106A7BA4
Found Croc Model at offset 106ADA4D
Found Croc Model at offset 106BD630
Found Croc Model at offset 106ECF28
Found Croc Model at offset 106FFE48
Found Croc Model at offset 10702118
Found Croc Model at offset 10702AD0
Found Croc Model at offset 1070359D
Found Croc Model at offset 107443D8
Found Croc Model at offset 10744C4E
Found Croc Model at offset 10744D72
Found Croc Model at offset 107470D1
Found Croc Model at offset 1074E1B6
Found Croc Model at offset 1074FDE2
Found Croc Model at offset 1074FEA2
Found Croc Model at offset 10750392
Found Croc Model at offset 107504D2
Found Croc Model at offset 107505D2
Found Croc Model at offset 10750BC2
Found Croc Model at offset 10751EA2
Found Croc Model at offset 10751FA2
Found Croc Model at offset 107536D8
Found Croc Model at offset 10753934
Found Croc Model at offset 10753A6C
Found Croc Model at offset 10753B7C
Found Croc Model at offset 10753C24
Found Croc Model at offset 1076BD02
Found Croc Model at offset 1076BD7A
Found Croc Model at offset 1076BDF2
Found Croc Model at offset 107B9E74
Found VDF Animation at offset 149858BB
Found VDF Animation at offset 149887DE
Found VDF Animation at offset 14988C72
Found VDF Animation at offset 149895A2
Found VDF Animation at offset 1498DC0A
Found VDF Animation at offset 1499295E
Found VDF Animation at offset 149929AE
Found VDF Animation at offset 14992A0E
Found VDF Animation at offset 14992A5E
Found VDF Animation at offset 14992ACE
Found VDF Animation at offset 14992B42
Found VDF Animation at offset 14992B96
Found VDF Animation at offset 14992BE2
Found VDF Animation at offset 14992C22
Found VDF Animation at offset 14992C86
Found VDF Animation at offset 14992D06
Found VDF Animation at offset 14992D46
Found VDF Animation at offset 14992DB6
Found VDF Animation at offset 14992E16
Found VDF Animation at offset 14992ED6
Found VDF Animation at offset 14DB3FAC
Found VDF Animation at offset 14E56A90
Found VDF Animation at offset 15188346
Found VDF Animation at offset 151C5906
Found VDF Animation at offset 151C5E22
Found VDF Animation at offset 151C83A6
Found VDF Animation at offset 151C858E
Found Croc Model at offset 1105AF66
Found Croc Model at offset 1107DA86
Found Croc Model at offset 1108067A
Found Croc Model at offset 110822DE
Found Croc Model at offset 110A1156
Found Croc Model at offset 110B07CA
Found Croc Model at offset 110B121E
Found Croc Model at offset 110B2BE2
Found Croc Model at offset 110CE5FC
Found Croc Model at offset 110CFBD6
Found Croc Model at offset 110D8AE2
Found VDF Animation at offset 15634B26
Found VDF Animation at offset 15677262
Found VDF Animation at offset 15678B76
Found VDF Animation at offset 15678DF2
Found VDF Animation at offset 15678F86
Found VDF Animation at offset 15679086
Found VDF Animation at offset 1567918E
Found VDF Animation at offset 15679296
Found VDF Animation at offset 1567939E
Found VDF Animation at offset 156794A6
Found VDF Animation at offset 15679722
Found VDF Animation at offset 156798C6
Found VDF Animation at offset 156799CE
Found VDF Animation at offset 15679AD6
Found VDF Animation at offset 15679BDE
Found VDF Animation at offset 15679CE6
Found VDF Animation at offset 15679DEE
Found VDF Animation at offset 1567A052
Found VDF Animation at offset 1567A1F6
Found VDF Animation at offset 15680562
Found VDF Animation at offset 15A90ED4
Found VDF Animation at offset 15B4581C
Found VDF Animation at offset 15B45B38
Found VDF Animation at offset 15B482FC
Found VDF Animation at offset 15B4C6D0
Found VDF Animation at offset 15B4C740
Found VDF Animation at offset 15B4C7A8
Found VDF Animation at offset 15B4C978
Found VDF Animation at offset 15B4C9E8
Found VDF Animation at offset 15B4CA58
Found VDF Animation at offset 15B4CAD8
Found VDF Animation at offset 15B4CB5C
Found VDF Animation at offset 15B4CBAC
Found Croc Model at offset 11914AD8
Found Croc Model at offset 1195D525
Found Croc Model at offset 11962B99
Found Croc Model at offset 119BEAD8
Found Croc Model at offset 119C6EC1
Found Croc Model at offset 119C859C
Found Croc Model at offset 119C86F4
Found Croc Model at offset 119C8800
Found Croc Model at offset 119C9CD0
Found Croc Model at offset 11CC9017
Found VDF Animation at offset 1644C2BA
Found VDF Animation at offset 164FEF6A
Found VDF Animation at offset 164FF142
Found VDF Animation at offset 164FF446
Found VDF Animation at offset 164FF4F6
Found VDF Animation at offset 164FF832
Found VDF Animation at offset 164FFAC2
Found VDF Animation at offset 16501852
Found VDF Animation at offset 16504B6A
Found VDF Animation at offset 16504FFA
Found VDF Animation at offset 1650504A
Found VDF Animation at offset 1650515A
Found VDF Animation at offset 165051C6
Found VDF Animation at offset 1650522E
Found PSX Model at offset 1250EABA
Found Croc Model at offset 123B26E9
Found Croc Model at offset 1241CFCA
Found Croc Model at offset 1241D63A
Found Croc Model at offset 1249C0D2
Found Croc Model at offset 124E4142
Found Croc Model at offset 124E65D6
Found Croc Model at offset 124E9136
Found Croc Model at offset 12514B1E
Found Croc Model at offset 12515F2E
Found Croc Model at offset 12518CCF
Found VDF Animation at offset 16CDC106
Found VDF Animation at offset 16CDCB96
Found VDF Animation at offset 16CDD4C2
Found Croc Model at offset 125304F0
Found Croc Model at offset 12530588
Found Croc Model at offset 12543E2E
Found Croc Model at offset 12543F02
Found Croc Model at offset 12543FFA
Found Croc Model at offset 125444BE
Found Croc Model at offset 12547AF4
Found Croc Model at offset 12548243
Found Croc Model at offset 1254C9A2
Found Croc Model at offset 1254CA66
Found Croc Model at offset 1254CDDE
Found Croc Model at offset 1254CE82
Found Croc Model at offset 1254CF26
Found Croc Model at offset 1254D1F6
Found Croc Model at offset 1254D8C2
Found Croc Model at offset 1254DDA6
Found Croc Model at offset 1254E27E
Found Croc Model at offset 1254E456
Found Croc Model at offset 12565AFF
Found Croc Model at offset 128FCE94
Found Croc Model at offset 129AE2C0
Found VDF Animation at offset 174B0CB0
Found VDF Animation at offset 174B1B74
Found VDF Animation at offset 174B3738
Found Croc Model at offset 12CC5BBA
Found Croc Model at offset 12F359E6
Found Croc Model at offset 12F4C586
Found Croc Model at offset 12F4D81E
Found Croc Model at offset 12F4F17A
Found Croc Model at offset 12F50DDE
Found Croc Model at offset 12F5C7A6
Found Croc Model at offset 12FA6B73
Found Croc Model at offset 12FA9852
Found Croc Model at offset 12FB297D
Found Croc Model at offset 12FBF416
Found Croc Model at offset 12FC0F4B
Found Croc Model at offset 12FC951F
Found Croc Model at offset 12FCCC2F
Found Croc Model at offset 12FCFA6C
Found Croc Model at offset 12FD3186
Found Croc Model at offset 12FD4476
Found Croc Model at offset 12FD4512
Found Croc Model at offset 12FD45DE
Found Croc Model at offset 12FD469A
Found Croc Model at offset 12FD4822
Found Croc Model at offset 12FD491A
Found Croc Model at offset 12FD49F6
Found Croc Model at offset 12FD4D5E
Found Croc Model at offset 12FD4E22
Found Croc Model at offset 12FD4F06
Found Croc Model at offset 12FEDE94
Found VDF Animation at offset 17D129B2
Found VDF Animation at offset 17D15E8A
Found Croc Model at offset 133D414C
Found VDF Animation at offset 18493F16
Found VDF Animation at offset 184951EE
Found VDF Animation at offset 1849670A
Found VDF Animation at offset 18496766
Found VDF Animation at offset 184967D6
Found Croc Model at offset 13DFC8A4
Found Croc Model at offset 13DFCB64
Found Croc Model at offset 13DFCD24
Found Croc Model at offset 13DFCE78
Found Croc Model at offset 13E5A58C
Found Croc Model at offset 13E5C404
Found Croc Model at offset 13E78F98
Found VDF Animation at offset 18BCC21B
Found VDF Animation at offset 18BCC803
Found VDF Animation at offset 18BCFFD2
Found VDF Animation at offset 18BD0F12
Found VDF Animation at offset 18BD66D6
Found VDF Animation at offset 18BD686A
Found Croc Model at offset 13E8E10C
Found VDF Animation at offset 18BD6AF2
Found VDF Animation at offset 18BD6E92
Found VDF Animation at offset 18BDBB42
Found Croc Model at offset 13E9D24E
Found Croc Model at offset 13EB67C0
Found Croc Model at offset 13EB8DE4
Found Croc Model at offset 13EC2DE8
Found Croc Model at offset 13EC2E50
Found Croc Model at offset 13EC52CC
Found Croc Model at offset 13F01A10
Found Croc Model at offset 13F02AA8
Found Croc Model at offset 13F2103A
Found Croc Model at offset 13F210AE
Found Croc Model at offset 13F22BCC
Found Croc Model at offset 13F2725E
Found Croc Model at offset 13F274CE
Found Croc Model at offset 13F2774E
Found Croc Model at offset 13F279B8
Found Croc Model at offset 13F27F90
Found Croc Model at offset 13F280E0
Found Croc Model at offset 13F2C21C
Found Croc Model at offset 13F330E0
Found Croc Model at offset 13F56178
Found VDF Animation at offset 195D5500
Found VDF Animation at offset 1983E742
Found VDF Animation at offset 1983EB02
Found VDF Animation at offset 1983F432
Found VDF Animation at offset 198408BA
Found Croc Model at offset 148C5FF2
Found Croc Model at offset 148CBE9B
Found Croc Model at offset 148D9B2E
Found Croc Model at offset 148E934E
Found Croc Model at offset 148F301E
Found Croc Model at offset 148F32F6
Found Croc Model at offset 148F4AD6
Found Croc Model at offset 1498577F
Found Croc Model at offset 149887BF
Found Croc Model at offset 149929B6
Found Croc Model at offset 14992A52
Found Croc Model at offset 14992AF2
Found Croc Model at offset 14992BDA
Found Croc Model at offset 14992D76
Found Croc Model at offset 149AB4C0
Found Croc Model at offset 14D25DC0
Found Croc Model at offset 14DB4000
Found Croc Model at offset 14DFABB8
Found Croc Model at offset 14E21B58
Found Croc Model at offset 14E22DF0
Found Croc Model at offset 14E2474C
Found Croc Model at offset 14E28640
Found Croc Model at offset 14E55259
Found Croc Model at offset 14E56980
Found Croc Model at offset 14E58210
Found Croc Model at offset 14E584EA
Found Croc Model at offset 14ED0BFD
Found Croc Model at offset 14EE4D8D
Found Croc Model at offset 14EE6C20
Found Croc Model at offset 14EE8EED
Found Croc Model at offset 14EEF0BA
Found Croc Model at offset 14F03DAD
Found Croc Model at offset 14F05C40
Found Croc Model at offset 14F07F0D
Found Croc Model at offset 14F0E0DA
Found VDF Animation at offset 1A0B93C6
Found VDF Animation at offset 1A0BD4AE
Found VDF Animation at offset 1A0BD50E
Found VDF Animation at offset 1A0BD58E
Found VDF Animation at offset 1A0BD66E
Found VDF Animation at offset 1A0BD6DE
Found VDF Animation at offset 1A0BD80A
Found VDF Animation at offset 1A0BD85E
Found VDF Animation at offset 1A0BD8AE
Found VDF Animation at offset 1A0BD912
Found VDF Animation at offset 1A0BD97E
Found VDF Animation at offset 1A0BDB4E
Found VDF Animation at offset 1A0BDD42
Found VDF Animation at offset 1A0BDF0A
Found VDF Animation at offset 1A0BDF6A
Found VDF Animation at offset 1A0BDFBA
Found VDF Animation at offset 1A0BE01A
Found VDF Animation at offset 1A0BE0E6
Found VDF Animation at offset 1A0BE15E
Found VDF Animation at offset 1A0BE1A2
Found VDF Animation at offset 1A0BE272
Found VDF Animation at offset 1A0BE2FA
Found VDF Animation at offset 1A0BE36A
Found VDF Animation at offset 1A0BE67E
TIM - Reached file end: Harry_Potter_and_the_Sorcerers_Stone_[USA]_[En-Fr-Es].bin
Found Croc Model at offset 150A367E
Found Croc Model at offset 150A37D2
Found Croc Model at offset 15107B4F
Found Croc Model at offset 1510DBB7
Found Croc Model at offset 1512E0D6
Found Croc Model at offset 1517D98A
Found Croc Model at offset 1517EC22
Found Croc Model at offset 1518839A
Found Croc Model at offset 151954C6
Found Croc Model at offset 151A8D27
Found Croc Model at offset 151BCBCE
Found Croc Model at offset 151C59B9
Found Croc Model at offset 151C83DA
Found Croc Model at offset 151C8512
Found VDF Animation at offset 1A720DA6
Found VDF Animation at offset 1A720E66
Found VDF Animation at offset 1A721092
Found VDF Animation at offset 1A72177A
Found VDF Animation at offset 1A7259BE
Found VDF Animation at offset 1A725A0A
Found VDF Animation at offset 1A725A5A
Found VDF Animation at offset 1A725CC2
Found VDF Animation at offset 1A725F7A
Found VDF Animation at offset 1A725FEA
Found VDF Animation at offset 1A72605A
Found VDF Animation at offset 1A7260CA
Found VDF Animation at offset 1A726162
Found VDF Animation at offset 1A7261C2
Found VDF Animation at offset 1A726212
Found VDF Animation at offset 1A72627E
Found VDF Animation at offset 1A726356
Found VDF Animation at offset 1A726446
Found VDF Animation at offset 1A7265F2
Found VDF Animation at offset 1A726BBE
Found VDF Animation at offset 1A726C0E
Found VDF Animation at offset 1A726F22
VDF - Reached file end: Harry_Potter_and_the_Sorcerers_Stone_[USA]_[En-Fr-Es].bin
Found Croc Model at offset 155A0282
Found Croc Model at offset 155F0597
Found Croc Model at offset 155F5B23
Found Croc Model at offset 15623E5A
Found Croc Model at offset 1562A03A
Found Croc Model at offset 1562B2D2
Found Croc Model at offset 1562CC2E
Found Croc Model at offset 1562E892
Found Croc Model at offset 1562FB12
Found Croc Model at offset 15634B7A
Found Croc Model at offset 1563B457
Found Croc Model at offset 1564F466
Found Croc Model at offset 1565184A
Found Croc Model at offset 15652CF2
Found Croc Model at offset 156777FB
Found Croc Model at offset 1567CB26
Found Croc Model at offset 156801A4
TMD - Reached file end: Harry_Potter_and_the_Sorcerers_Stone_[USA]_[En-Fr-Es].bin
Found VDF Animation at offset 1ADF9C94
Found VDF Animation at offset 1ADFF99C
Found VDF Animation at offset 1ADFFA2C
Found VDF Animation at offset 1ADFFAC0
Found VDF Animation at offset 1ADFFB10
Found VDF Animation at offset 1ADFFCE0
Found VDF Animation at offset 1AE000CC
Found VDF Animation at offset 1AE00184
Found VDF Animation at offset 1AE001F4
Found VDF Animation at offset 1AE00434
Found VDF Animation at offset 1AE004A4
Found VDF Animation at offset 1AE004FC
Found VDF Animation at offset 1AE0053C
Found VDF Animation at offset 1AE006C8
Found VDF Animation at offset 1AE00748
Found VDF Animation at offset 1AE007C0
Found VDF Animation at offset 1AE00B30
Found VDF Animation at offset 1AE00B9C
Found VDF Animation at offset 1AE00C68
Found VDF Animation at offset 1AE00D1C
Found VDF Animation at offset 1AE00D64
Found VDF Animation at offset 1AE00DBC
Found VDF Animation at offset 1AE00E04
Found VDF Animation at offset 1AE00E6C
Found VDF Animation at offset 1AE00EFC
Found VDF Animation at offset 1AE00F74
Found VDF Animation at offset 1AE00FF8
Found VDF Animation at offset 1AE0104C
Found VDF Animation at offset 1AE010F8
Found VDF Animation at offset 1AE01148
Found VDF Animation at offset 1AE01354
Found VDF Animation at offset 1AE013A4
Found VDF Animation at offset 1AE01414
Found Croc Model at offset 15A1AD6C
Found Croc Model at offset 15A1AF9C
Found Croc Model at offset 15A90F28
Found Croc Model at offset 15A93B58
Found Croc Model at offset 15ACC0EC
Found Croc Model at offset 15ACD384
Found Croc Model at offset 15AD0944
Found Croc Model at offset 15AD1BC4
Found Croc Model at offset 15AD4380
Found Croc Model at offset 15AE1A05
Found Croc Model at offset 15AEFB6C
Found Croc Model at offset 15AF16D8
Found Croc Model at offset 15B016AC
Found Croc Model at offset 15B12598
Found Croc Model at offset 15B15C50
Found Croc Model at offset 15B16E98
Found Croc Model at offset 15B19950
Found Croc Model at offset 15B438DD
Found Croc Model at offset 15B457FD
Found Croc Model at offset 15B497CA
Found Croc Model at offset 15B49DC2
Found Croc Model at offset 15B4CA04
Found VDF Animation at offset 1B485BBA
Found VDF Animation at offset 1B50B156
Found VDF Animation at offset 1B50BEDA
Found VDF Animation at offset 1B50C08E
Found VDF Animation at offset 1B50C3B2
Found VDF Animation at offset 1B50C5B6
Found VDF Animation at offset 1B5105EE
Found VDF Animation at offset 1B5150BE
Found VDF Animation at offset 1B515132
Found VDF Animation at offset 1B515182
Found VDF Animation at offset 1B5151E2
Found VDF Animation at offset 1B515236
Found VDF Animation at offset 1B515286
Found VDF Animation at offset 1B5152D6
Found VDF Animation at offset 1B5153DE
Found VDF Animation at offset 1B51543E
Found VDF Animation at offset 1B5156B2
TOD - Reached file end: Harry_Potter_and_the_Sorcerers_Stone_[USA]_[En-Fr-Es].bin
Found Croc Model at offset 163DB67E
Found Croc Model at offset 163DB94E
Found Croc Model at offset 1642EBCA
Found VDF Animation at offset 1BEA3828
Found VDF Animation at offset 1BEA3B4C
Found VDF Animation at offset 1BEA3C00
Found VDF Animation at offset 1BEA3CB4
Found VDF Animation at offset 1BEA3D68
Found VDF Animation at offset 1BEA3E1C
Found VDF Animation at offset 1BEA3ED0
Found VDF Animation at offset 1BEA3F84
Found VDF Animation at offset 1BEA4038
Found VDF Animation at offset 1BEA42A8
Found VDF Animation at offset 1BEA435C
Found VDF Animation at offset 1BEA4410
Found VDF Animation at offset 1BEA44C4
Found VDF Animation at offset 1BEA4578
Found VDF Animation at offset 1BEA4648
Found Croc Model at offset 16443EDA
Found VDF Animation at offset 1BEA46FC
Found VDF Animation at offset 1BEA47B0
Found VDF Animation at offset 1BEA4864
Found VDF Animation at offset 1BEA4934
Found VDF Animation at offset 1BEA49E8
Found VDF Animation at offset 1BEA4BD8
Found VDF Animation at offset 1BEA4C8C
Found VDF Animation at offset 1BEA4D40
Found VDF Animation at offset 1BEA4DF4
Found VDF Animation at offset 1BEA4EA8
Found VDF Animation at offset 1BEA4F5C
Found VDF Animation at offset 1BEA501C
Found VDF Animation at offset 1BEA50D0
Found VDF Animation at offset 1BEA517C
Found VDF Animation at offset 1BEA5230
Found VDF Animation at offset 1BEA52DC
Found VDF Animation at offset 1BEA5508
Found VDF Animation at offset 1BEA55BC
Found VDF Animation at offset 1BEA5670
Found VDF Animation at offset 1BEA5724
Found VDF Animation at offset 1BEA57D8
Found VDF Animation at offset 1BEA585C
Found VDF Animation at offset 1BEA5910
Found VDF Animation at offset 1BEA59C4
Found VDF Animation at offset 1BEA5A78
Found VDF Animation at offset 1BEA5B2C
Found VDF Animation at offset 1BEA5BE0
Found VDF Animation at offset 1BEA5E38
Found VDF Animation at offset 1BEA5EDC
Found VDF Animation at offset 1BEA5F90
Found VDF Animation at offset 1BEA603C
Found VDF Animation at offset 1BEA60F0
Found VDF Animation at offset 1BEA619C
Found VDF Animation at offset 1BEA6250
Found VDF Animation at offset 1BEA62FC
Found VDF Animation at offset 1BEA63B0
Found VDF Animation at offset 1BEA645C
Found VDF Animation at offset 1BEA6510
Found VDF Animation at offset 1BEA6768
Found VDF Animation at offset 1BEA681C
Found VDF Animation at offset 1BEA68D0
Found VDF Animation at offset 1BEA6984
Found VDF Animation at offset 1BEA6A38
Found VDF Animation at offset 1BEA6AEC
Found VDF Animation at offset 1BEA6BA0
Found VDF Animation at offset 1BEA6C54
Found VDF Animation at offset 1BEA6D08
Found VDF Animation at offset 1BEA6DBC
Found VDF Animation at offset 1BEA6E70
Found VDF Animation at offset 1BEA7098
Found VDF Animation at offset 1BEA714C
Found VDF Animation at offset 1BEA7200
Found VDF Animation at offset 1BEA72B4
Found VDF Animation at offset 1BEA7368
Found VDF Animation at offset 1BEA741C
Found VDF Animation at offset 1BEA74D0
Found VDF Animation at offset 1BEA7584
Found VDF Animation at offset 1BEA7638
Found VDF Animation at offset 1BEA76EC
Found VDF Animation at offset 1BEA77A0
Found VDF Animation at offset 1BEA79C8
Found VDF Animation at offset 1BEA7A7C
Found VDF Animation at offset 1BEA7B30
Found VDF Animation at offset 1BEA7BE4
Found VDF Animation at offset 1BEA7C98
Found VDF Animation at offset 1BEA7D4C
Found VDF Animation at offset 1BEA7E00
Found VDF Animation at offset 1BEA7EB4
Found VDF Animation at offset 1BEA7F68
Found VDF Animation at offset 1BEA801C
Found VDF Animation at offset 1BEA80D0
Found VDF Animation at offset 1BEA82F8
Found VDF Animation at offset 1BEA83AC
Found VDF Animation at offset 1BEA8460
Found VDF Animation at offset 1BEA8514
Found Croc Model at offset 1646A882
Found VDF Animation at offset 1BEA85CC
Found VDF Animation at offset 1BEA8680
Found VDF Animation at offset 1BEA8734
Found VDF Animation at offset 1BEA87E8
Found VDF Animation at offset 1BEA889C
Found VDF Animation at offset 1BEA8950
Found VDF Animation at offset 1BEA8A04
Found VDF Animation at offset 1BEA8C28
Found VDF Animation at offset 1BEA8CDC
Found VDF Animation at offset 1BEA8D90
Found VDF Animation at offset 1BEA8E44
Found VDF Animation at offset 1BEA8EF8
Found VDF Animation at offset 1BEA8FAC
Found VDF Animation at offset 1BEA9060
Found VDF Animation at offset 1BEA9114
Found VDF Animation at offset 1BEA91C8
Found VDF Animation at offset 1BEA927C
Found VDF Animation at offset 1BEA9330
Found VDF Animation at offset 1BEA9558
Found VDF Animation at offset 1BEA960C
Found VDF Animation at offset 1BEA96C0
Found VDF Animation at offset 1BEA9774
Found VDF Animation at offset 1BEA9828
Found VDF Animation at offset 1BEA98DC
Found VDF Animation at offset 1BEA9990
Found VDF Animation at offset 1BEA9A44
Found VDF Animation at offset 1BEA9AF8
Found VDF Animation at offset 1BEA9BAC
Found VDF Animation at offset 1BEA9C60
Found VDF Animation at offset 1BEA9E88
Found VDF Animation at offset 1BEA9F3C
Found VDF Animation at offset 1BEA9FF0
Found Croc Model at offset 1647DEB6
Found VDF Animation at offset 1BEAA0A4
Found VDF Animation at offset 1BEAA158
Found VDF Animation at offset 1BEAA20C
Found Croc Model at offset 1647F812
Found VDF Animation at offset 1BEAA2C0
Found VDF Animation at offset 1BEAA374
Found Croc Model at offset 16481476
Found VDF Animation at offset 1BEAA42C
Found Croc Model at offset 164826F6
Found VDF Animation at offset 1BEAA4E4
Found VDF Animation at offset 1BEAA598
Found VDF Animation at offset 1BEAA7B8
Found VDF Animation at offset 1BEAA86C
Found VDF Animation at offset 1BEAA920
Found VDF Animation at offset 1BEAA9D4
Found VDF Animation at offset 1BEAAA88
Found VDF Animation at offset 1BEAAB3C
Found VDF Animation at offset 1BEAABF0
Found VDF Animation at offset 1BEAACA4
Found VDF Animation at offset 1BEAAD58
Found VDF Animation at offset 1BEAAE0C
Found VDF Animation at offset 1BEAAEC0
Found VDF Animation at offset 1BEAB0E8
Found Croc Model at offset 1648AA46
Found VDF Animation at offset 1BEAB19C
Found VDF Animation at offset 1BEAB250
Found VDF Animation at offset 1BEAB304
Found VDF Animation at offset 1BEAB3B8
Found VDF Animation at offset 1BEAB46C
Found VDF Animation at offset 1BEAB520
Found VDF Animation at offset 1BEAB5D4
Found VDF Animation at offset 1BEAB688
Found Croc Model at offset 164AD982
Found Croc Model at offset 164C074E
Found Croc Model at offset 164C4062
Found Croc Model at offset 164C5297
Found Croc Model at offset 164C6552
Found Croc Model at offset 164C7ACA
Found Croc Model at offset 164FF47E
Found Croc Model at offset 16504F26
Found Croc Model at offset 1650502E
Found Croc Model at offset 1650510A
Found Croc Model at offset 165051BA
Found VDF Animation at offset 1C36A300
Found VDF Animation at offset 1C36C98C
Found PSX Model at offset 15AFA2E8
Found VDF Animation at offset 1C8C5372
Found VDF Animation at offset 1C8C5E92
Found VDF Animation at offset 1C8C67C2
Found VDF Animation at offset 1C8C9736
Found VDF Animation at offset 1C8CBE1E
Found VDF Animation at offset 1C8CBE72
Found VDF Animation at offset 1C8CBF22
Found VDF Animation at offset 1C8CBFCE
Found Croc Model at offset 16B56FA1
Found Croc Model at offset 16CC347E
Found Croc Model at offset 16CC9A32
Found Croc Model at offset 16CDAC00
Found Croc Model at offset 16CDC7B2
Found Croc Model at offset 16CDC82E
Found Croc Model at offset 16CDC8AE
Found Croc Model 